Analysis & Synthesis report for DE1_SoC
Fri Aug 02 12:05:16 2024
Quartus Prime Version 17.0.0 Build 595 04/25/2017 SJ Lite Edition


---------------------
; Table of Contents ;
---------------------
  1. Legal Notice
  2. Analysis & Synthesis Summary
  3. Analysis & Synthesis Settings
  4. Parallel Compilation
  5. Analysis & Synthesis Messages
  6. Analysis & Synthesis Suppressed Messages



----------------
; Legal Notice ;
----------------
Copyright (C) 2017  Intel Corporation. All rights reserved.
Your use of Intel Corporation's design tools, logic functions 
and other software and tools, and its AMPP partner logic 
functions, and any output files from any of the foregoing 
(including device programming or simulation files), and any 
associated documentation or information are expressly subject 
to the terms and conditions of the Intel Program License 
Subscription Agreement, the Intel Quartus Prime License Agreement,
the Intel MegaCore Function License Agreement, or other 
applicable license agreement, including, without limitation, 
that your use is for the sole purpose of programming logic 
devices manufactured by Intel and sold by Intel or its 
authorized distributors.  Please refer to the applicable 
agreement for further details.



+---------------------------------------------------------------------------+
; Analysis & Synthesis Summary                                              ;
+-----------------------------+---------------------------------------------+
; Analysis & Synthesis Status ; Failed - Fri Aug 02 12:05:16 2024           ;
; Quartus Prime Version       ; 17.0.0 Build 595 04/25/2017 SJ Lite Edition ;
; Revision Name               ; DE1_SoC                                     ;
; Top-level Entity Name       ; CPU                                         ;
; Family                      ; Cyclone V                                   ;
; Logic utilization (in ALMs) ; N/A until Partition Merge                   ;
; Total registers             ; N/A until Partition Merge                   ;
; Total pins                  ; N/A until Partition Merge                   ;
; Total virtual pins          ; N/A until Partition Merge                   ;
; Total block memory bits     ; N/A until Partition Merge                   ;
; Total PLLs                  ; N/A until Partition Merge                   ;
; Total DLLs                  ; N/A until Partition Merge                   ;
+-----------------------------+---------------------------------------------+


+---------------------------------------------------------------------------------------------------------------------------+
; Analysis & Synthesis Settings                                                                                             ;
+---------------------------------------------------------------------------------+--------------------+--------------------+
; Option                                                                          ; Setting            ; Default Value      ;
+---------------------------------------------------------------------------------+--------------------+--------------------+
; Device                                                                          ; 5CSEMA5F31C6       ;                    ;
; Top-level entity name                                                           ; CPU                ; DE1_SoC            ;
; Family name                                                                     ; Cyclone V          ; Cyclone V          ;
; State Machine Processing                                                        ; User-Encoded       ; Auto               ;
; Use smart compilation                                                           ; Off                ; Off                ;
; Enable parallel Assembler and TimeQuest Timing Analyzer during compilation      ; On                 ; On                 ;
; Enable compact report table                                                     ; Off                ; Off                ;
; Restructure Multiplexers                                                        ; Auto               ; Auto               ;
; MLAB Add Timing Constraints For Mixed-Port Feed-Through Mode Setting Don't Care ; Off                ; Off                ;
; Create Debugging Nodes for IP Cores                                             ; Off                ; Off                ;
; Preserve fewer node names                                                       ; On                 ; On                 ;
; OpenCore Plus hardware evaluation                                               ; Enable             ; Enable             ;
; Verilog Version                                                                 ; Verilog_2001       ; Verilog_2001       ;
; VHDL Version                                                                    ; VHDL_1993          ; VHDL_1993          ;
; Safe State Machine                                                              ; Off                ; Off                ;
; Extract Verilog State Machines                                                  ; On                 ; On                 ;
; Extract VHDL State Machines                                                     ; On                 ; On                 ;
; Ignore Verilog initial constructs                                               ; Off                ; Off                ;
; Iteration limit for constant Verilog loops                                      ; 5000               ; 5000               ;
; Iteration limit for non-constant Verilog loops                                  ; 250                ; 250                ;
; Add Pass-Through Logic to Inferred RAMs                                         ; On                 ; On                 ;
; Infer RAMs from Raw Logic                                                       ; On                 ; On                 ;
; Parallel Synthesis                                                              ; On                 ; On                 ;
; DSP Block Balancing                                                             ; Auto               ; Auto               ;
; NOT Gate Push-Back                                                              ; On                 ; On                 ;
; Power-Up Don't Care                                                             ; On                 ; On                 ;
; Remove Redundant Logic Cells                                                    ; Off                ; Off                ;
; Remove Duplicate Registers                                                      ; On                 ; On                 ;
; Ignore CARRY Buffers                                                            ; Off                ; Off                ;
; Ignore CASCADE Buffers                                                          ; Off                ; Off                ;
; Ignore GLOBAL Buffers                                                           ; Off                ; Off                ;
; Ignore ROW GLOBAL Buffers                                                       ; Off                ; Off                ;
; Ignore LCELL Buffers                                                            ; Off                ; Off                ;
; Ignore SOFT Buffers                                                             ; On                 ; On                 ;
; Limit AHDL Integers to 32 Bits                                                  ; Off                ; Off                ;
; Optimization Technique                                                          ; Balanced           ; Balanced           ;
; Carry Chain Length                                                              ; 70                 ; 70                 ;
; Auto Carry Chains                                                               ; On                 ; On                 ;
; Auto Open-Drain Pins                                                            ; On                 ; On                 ;
; Perform WYSIWYG Primitive Resynthesis                                           ; Off                ; Off                ;
; Auto ROM Replacement                                                            ; On                 ; On                 ;
; Auto RAM Replacement                                                            ; On                 ; On                 ;
; Auto DSP Block Replacement                                                      ; On                 ; On                 ;
; Auto Shift Register Replacement                                                 ; Auto               ; Auto               ;
; Allow Shift Register Merging across Hierarchies                                 ; Auto               ; Auto               ;
; Auto Clock Enable Replacement                                                   ; On                 ; On                 ;
; Strict RAM Replacement                                                          ; Off                ; Off                ;
; Allow Synchronous Control Signals                                               ; On                 ; On                 ;
; Force Use of Synchronous Clear Signals                                          ; Off                ; Off                ;
; Auto Resource Sharing                                                           ; Off                ; Off                ;
; Allow Any RAM Size For Recognition                                              ; Off                ; Off                ;
; Allow Any ROM Size For Recognition                                              ; Off                ; Off                ;
; Allow Any Shift Register Size For Recognition                                   ; Off                ; Off                ;
; Use LogicLock Constraints during Resource Balancing                             ; On                 ; On                 ;
; Ignore translate_off and synthesis_off directives                               ; Off                ; Off                ;
; Timing-Driven Synthesis                                                         ; On                 ; On                 ;
; Report Parameter Settings                                                       ; On                 ; On                 ;
; Report Source Assignments                                                       ; On                 ; On                 ;
; Report Connectivity Checks                                                      ; On                 ; On                 ;
; Ignore Maximum Fan-Out Assignments                                              ; Off                ; Off                ;
; Synchronization Register Chain Length                                           ; 3                  ; 3                  ;
; PowerPlay Power Optimization During Synthesis                                   ; Normal compilation ; Normal compilation ;
; HDL message level                                                               ; Level2             ; Level2             ;
; Suppress Register Optimization Related Messages                                 ; Off                ; Off                ;
; Number of Removed Registers Reported in Synthesis Report                        ; 5000               ; 5000               ;
; Number of Swept Nodes Reported in Synthesis Report                              ; 5000               ; 5000               ;
; Number of Inverted Registers Reported in Synthesis Report                       ; 100                ; 100                ;
; Clock MUX Protection                                                            ; On                 ; On                 ;
; Auto Gated Clock Conversion                                                     ; Off                ; Off                ;
; Block Design Naming                                                             ; Auto               ; Auto               ;
; SDC constraint protection                                                       ; Off                ; Off                ;
; Synthesis Effort                                                                ; Auto               ; Auto               ;
; Shift Register Replacement - Allow Asynchronous Clear Signal                    ; On                 ; On                 ;
; Pre-Mapping Resynthesis Optimization                                            ; Off                ; Off                ;
; Analysis & Synthesis Message Level                                              ; Medium             ; Medium             ;
; Disable Register Merging Across Hierarchies                                     ; Auto               ; Auto               ;
; Resource Aware Inference For Block RAM                                          ; On                 ; On                 ;
; Automatic Parallel Synthesis                                                    ; On                 ; On                 ;
; Partial Reconfiguration Bitstream ID                                            ; Off                ; Off                ;
+---------------------------------------------------------------------------------+--------------------+--------------------+


+------------------------------------------+
; Parallel Compilation                     ;
+----------------------------+-------------+
; Processors                 ; Number      ;
+----------------------------+-------------+
; Number detected on machine ; 8           ;
; Maximum allowed            ; 4           ;
;                            ;             ;
; Average used               ; 1.00        ;
; Maximum used               ; 1           ;
;                            ;             ;
; Usage by Processor         ; % Time Used ;
;     Processor 1            ; 100.0%      ;
+----------------------------+-------------+


+-------------------------------+
; Analysis & Synthesis Messages ;
+-------------------------------+
Info: *******************************************************************
Info: Running Quartus Prime Analysis & Synthesis
    Info: Version 17.0.0 Build 595 04/25/2017 SJ Lite Edition
    Info: Processing started: Fri Aug 02 12:04:47 2024
Info: Command: quartus_map --read_settings_files=on --write_settings_files=off DE1_SoC -c DE1_SoC
Info (20030): Parallel compilation is enabled and will use 4 of the 4 processors detected
Info (12021): Found 1 design units, including 1 entities, in source file signextend.sv
    Info (12023): Found entity 1: SignExtend File: C:/Users/aidan/OneDrive/Documents/UW-aidan-studio2/Notes/2023-2024/Summer/EE469/Lab4a/signExtend.sv Line: 1
Info (12021): Found 1 design units, including 1 entities, in source file register64.sv
    Info (12023): Found entity 1: register64 File: C:/Users/aidan/OneDrive/Documents/UW-aidan-studio2/Notes/2023-2024/Summer/EE469/Lab4a/register64.sv Line: 3
Info (12021): Found 1 design units, including 1 entities, in source file regfile.sv
    Info (12023): Found entity 1: regfile File: C:/Users/aidan/OneDrive/Documents/UW-aidan-studio2/Notes/2023-2024/Summer/EE469/Lab4a/regfile.sv Line: 3
Info (12021): Found 1 design units, including 1 entities, in source file programcounter.sv
    Info (12023): Found entity 1: ProgramCounter File: C:/Users/aidan/OneDrive/Documents/UW-aidan-studio2/Notes/2023-2024/Summer/EE469/Lab4a/programCounter.sv Line: 1
Info (12021): Found 9 design units, including 9 entities, in source file muxes.sv
    Info (12023): Found entity 1: mux2to1_Nbit File: C:/Users/aidan/OneDrive/Documents/UW-aidan-studio2/Notes/2023-2024/Summer/EE469/Lab4a/muxes.sv Line: 3
    Info (12023): Found entity 2: mux2to1 File: C:/Users/aidan/OneDrive/Documents/UW-aidan-studio2/Notes/2023-2024/Summer/EE469/Lab4a/muxes.sv Line: 27
    Info (12023): Found entity 3: mux4to1 File: C:/Users/aidan/OneDrive/Documents/UW-aidan-studio2/Notes/2023-2024/Summer/EE469/Lab4a/muxes.sv Line: 41
    Info (12023): Found entity 4: mux8to1 File: C:/Users/aidan/OneDrive/Documents/UW-aidan-studio2/Notes/2023-2024/Summer/EE469/Lab4a/muxes.sv Line: 54
    Info (12023): Found entity 5: mux16to1 File: C:/Users/aidan/OneDrive/Documents/UW-aidan-studio2/Notes/2023-2024/Summer/EE469/Lab4a/muxes.sv Line: 67
    Info (12023): Found entity 6: mux32to1 File: C:/Users/aidan/OneDrive/Documents/UW-aidan-studio2/Notes/2023-2024/Summer/EE469/Lab4a/muxes.sv Line: 80
    Info (12023): Found entity 7: mux2to1_64bit File: C:/Users/aidan/OneDrive/Documents/UW-aidan-studio2/Notes/2023-2024/Summer/EE469/Lab4a/muxes.sv Line: 93
    Info (12023): Found entity 8: mux4to1_64bit File: C:/Users/aidan/OneDrive/Documents/UW-aidan-studio2/Notes/2023-2024/Summer/EE469/Lab4a/muxes.sv Line: 117
    Info (12023): Found entity 9: mux32to1_64bit File: C:/Users/aidan/OneDrive/Documents/UW-aidan-studio2/Notes/2023-2024/Summer/EE469/Lab4a/muxes.sv Line: 141
Info (12021): Found 4 design units, including 4 entities, in source file math.sv
    Info (12023): Found entity 1: mult File: C:/Users/aidan/OneDrive/Documents/UW-aidan-studio2/Notes/2023-2024/Summer/EE469/Lab4a/math.sv Line: 3
    Info (12023): Found entity 2: shifter File: C:/Users/aidan/OneDrive/Documents/UW-aidan-studio2/Notes/2023-2024/Summer/EE469/Lab4a/math.sv Line: 33
    Info (12023): Found entity 3: shifter_testbench File: C:/Users/aidan/OneDrive/Documents/UW-aidan-studio2/Notes/2023-2024/Summer/EE469/Lab4a/math.sv Line: 48
    Info (12023): Found entity 4: mult_testbench File: C:/Users/aidan/OneDrive/Documents/UW-aidan-studio2/Notes/2023-2024/Summer/EE469/Lab4a/math.sv Line: 68
Info (12021): Found 2 design units, including 2 entities, in source file instructmem.sv
    Info (12023): Found entity 1: instructmem File: C:/Users/aidan/OneDrive/Documents/UW-aidan-studio2/Notes/2023-2024/Summer/EE469/Lab4a/instructmem.sv Line: 20
    Info (12023): Found entity 2: instructmem_testbench File: C:/Users/aidan/OneDrive/Documents/UW-aidan-studio2/Notes/2023-2024/Summer/EE469/Lab4a/instructmem.sv Line: 60
Info (12021): Found 1 design units, including 1 entities, in source file instructionfetch.sv
    Info (12023): Found entity 1: instructionFetch File: C:/Users/aidan/OneDrive/Documents/UW-aidan-studio2/Notes/2023-2024/Summer/EE469/Lab4a/InstructionFetch.sv Line: 3
Info (12021): Found 2 design units, including 2 entities, in source file fulladder.sv
    Info (12023): Found entity 1: fullAdder File: C:/Users/aidan/OneDrive/Documents/UW-aidan-studio2/Notes/2023-2024/Summer/EE469/Lab4a/fullAdder.sv Line: 3
    Info (12023): Found entity 2: fullAdder_64 File: C:/Users/aidan/OneDrive/Documents/UW-aidan-studio2/Notes/2023-2024/Summer/EE469/Lab4a/fullAdder.sv Line: 15
Info (12021): Found 1 design units, including 1 entities, in source file flagreg.sv
    Info (12023): Found entity 1: FlagReg File: C:/Users/aidan/OneDrive/Documents/UW-aidan-studio2/Notes/2023-2024/Summer/EE469/Lab4a/FlagReg.sv Line: 3
Info (12021): Found 1 design units, including 1 entities, in source file d_ff.sv
    Info (12023): Found entity 1: D_FF File: C:/Users/aidan/OneDrive/Documents/UW-aidan-studio2/Notes/2023-2024/Summer/EE469/Lab4a/D_FF.sv Line: 2
Info (12021): Found 3 design units, including 3 entities, in source file decoder2_4.sv
    Info (12023): Found entity 1: decoder2_4 File: C:/Users/aidan/OneDrive/Documents/UW-aidan-studio2/Notes/2023-2024/Summer/EE469/Lab4a/decoder2_4.sv Line: 3
    Info (12023): Found entity 2: decoder3_8 File: C:/Users/aidan/OneDrive/Documents/UW-aidan-studio2/Notes/2023-2024/Summer/EE469/Lab4a/decoder2_4.sv Line: 18
    Info (12023): Found entity 3: decoder5_32 File: C:/Users/aidan/OneDrive/Documents/UW-aidan-studio2/Notes/2023-2024/Summer/EE469/Lab4a/decoder2_4.sv Line: 38
Info (12021): Found 2 design units, including 2 entities, in source file datamem.sv
    Info (12023): Found entity 1: datamem File: C:/Users/aidan/OneDrive/Documents/UW-aidan-studio2/Notes/2023-2024/Summer/EE469/Lab4a/datamem.sv Line: 12
    Info (12023): Found entity 2: datamem_testbench File: C:/Users/aidan/OneDrive/Documents/UW-aidan-studio2/Notes/2023-2024/Summer/EE469/Lab4a/datamem.sv Line: 70
Info (12021): Found 2 design units, including 2 entities, in source file cpu.sv
    Info (12023): Found entity 1: CPU File: C:/Users/aidan/OneDrive/Documents/UW-aidan-studio2/Notes/2023-2024/Summer/EE469/Lab4a/CPU.sv Line: 3
    Info (12023): Found entity 2: cpu_tb File: C:/Users/aidan/OneDrive/Documents/UW-aidan-studio2/Notes/2023-2024/Summer/EE469/Lab4a/CPU.sv Line: 102
Info (12021): Found 1 design units, including 1 entities, in source file controlsignal.sv
    Info (12023): Found entity 1: controlSignal File: C:/Users/aidan/OneDrive/Documents/UW-aidan-studio2/Notes/2023-2024/Summer/EE469/Lab4a/ControlSignal.sv Line: 3
Info (12021): Found 1 design units, including 1 entities, in source file alu_1bit.sv
    Info (12023): Found entity 1: alu_1bit File: C:/Users/aidan/OneDrive/Documents/UW-aidan-studio2/Notes/2023-2024/Summer/EE469/Lab4a/alu_1bit.sv Line: 3
Info (12021): Found 1 design units, including 1 entities, in source file alu.sv
    Info (12023): Found entity 1: alu File: C:/Users/aidan/OneDrive/Documents/UW-aidan-studio2/Notes/2023-2024/Summer/EE469/Lab4a/alu.sv Line: 3
Info (12021): Found 1 design units, including 1 entities, in source file instructionregister.sv
    Info (12023): Found entity 1: instructionRegister File: C:/Users/aidan/OneDrive/Documents/UW-aidan-studio2/Notes/2023-2024/Summer/EE469/Lab4a/instructionRegister.sv Line: 1
Info (12021): Found 1 design units, including 1 entities, in source file forwardingunit.sv
    Info (12023): Found entity 1: forwardingUnit File: C:/Users/aidan/OneDrive/Documents/UW-aidan-studio2/Notes/2023-2024/Summer/EE469/Lab4a/forwardingUnit.sv Line: 3
Info (12021): Found 1 design units, including 1 entities, in source file instructiondecode.sv
    Info (12023): Found entity 1: instructionDecode File: C:/Users/aidan/OneDrive/Documents/UW-aidan-studio2/Notes/2023-2024/Summer/EE469/Lab4a/instructionDecode.sv Line: 3
Info (12021): Found 1 design units, including 1 entities, in source file nor_64.sv
    Info (12023): Found entity 1: nor_64 File: C:/Users/aidan/OneDrive/Documents/UW-aidan-studio2/Notes/2023-2024/Summer/EE469/Lab4a/nor_64.sv Line: 3
Info (12021): Found 1 design units, including 1 entities, in source file decoderegister.sv
    Info (12023): Found entity 1: decodeRegister File: C:/Users/aidan/OneDrive/Documents/UW-aidan-studio2/Notes/2023-2024/Summer/EE469/Lab4a/decodeRegister.sv Line: 1
Info (12021): Found 1 design units, including 1 entities, in source file execute.sv
    Info (12023): Found entity 1: execute File: C:/Users/aidan/OneDrive/Documents/UW-aidan-studio2/Notes/2023-2024/Summer/EE469/Lab4a/execute.sv Line: 3
Info (12021): Found 1 design units, including 1 entities, in source file execregister.sv
    Info (12023): Found entity 1: execRegister File: C:/Users/aidan/OneDrive/Documents/UW-aidan-studio2/Notes/2023-2024/Summer/EE469/Lab4a/execRegister.sv Line: 3
Info (12021): Found 1 design units, including 1 entities, in source file memory.sv
    Info (12023): Found entity 1: memory File: C:/Users/aidan/OneDrive/Documents/UW-aidan-studio2/Notes/2023-2024/Summer/EE469/Lab4a/memory.sv Line: 3
Info (12021): Found 1 design units, including 1 entities, in source file memoryregister.sv
    Info (12023): Found entity 1: memoryRegister File: C:/Users/aidan/OneDrive/Documents/UW-aidan-studio2/Notes/2023-2024/Summer/EE469/Lab4a/memoryRegister.sv Line: 3
Info (12021): Found 1 design units, including 1 entities, in source file registern.sv
    Info (12023): Found entity 1: registerN File: C:/Users/aidan/OneDrive/Documents/UW-aidan-studio2/Notes/2023-2024/Summer/EE469/Lab4a/registerN.sv Line: 1
Warning (10236): Verilog HDL Implicit Net warning at CPU.sv(28): created implicit net for "IDRegWrite" File: C:/Users/aidan/OneDrive/Documents/UW-aidan-studio2/Notes/2023-2024/Summer/EE469/Lab4a/CPU.sv Line: 28
Info (12127): Elaborating entity "CPU" for the top level hierarchy
Info (12128): Elaborating entity "instructionFetch" for hierarchy "instructionFetch:IF" File: C:/Users/aidan/OneDrive/Documents/UW-aidan-studio2/Notes/2023-2024/Summer/EE469/Lab4a/CPU.sv Line: 12
Info (12128): Elaborating entity "instructmem" for hierarchy "instructionFetch:IF|instructmem:InstructionMemory" File: C:/Users/aidan/OneDrive/Documents/UW-aidan-studio2/Notes/2023-2024/Summer/EE469/Lab4a/InstructionFetch.sv Line: 13
Warning (10175): Verilog HDL warning at instructmem.sv(27): ignoring unsupported system task File: C:/Users/aidan/OneDrive/Documents/UW-aidan-studio2/Notes/2023-2024/Summer/EE469/Lab4a/instructmem.sv Line: 27
Error (10170): Verilog HDL syntax error at test06_BlBr.arm(39) near text: _. Check for and fix any syntax errors that appear immediately before or at the specified keyword. The Intel FPGA Knowledge Database contains many articles with specific details on how to resolve this error. Visit the Knowledge Database at https://www.altera.com/support/support-resources/knowledge-base/search.html and search for this specific error message number. File: C:/Users/aidan/OneDrive/Documents/UW-aidan-studio2/Notes/2023-2024/Summer/EE469/Lab4a/benchmarks/test06_BlBr.arm Line: 39
Info (10648): Verilog HDL Display System Task info at instructmem.sv(46): Running benchmark:  File: C:/Users/aidan/OneDrive/Documents/UW-aidan-studio2/Notes/2023-2024/Summer/EE469/Lab4a/instructmem.sv Line: 46
Error (12152): Can't elaborate user hierarchy "instructionFetch:IF|instructmem:InstructionMemory" File: C:/Users/aidan/OneDrive/Documents/UW-aidan-studio2/Notes/2023-2024/Summer/EE469/Lab4a/InstructionFetch.sv Line: 13
Info (144001): Generated suppressed messages file C:/Users/aidan/OneDrive/Documents/UW-aidan-studio2/Notes/2023-2024/Summer/EE469/Lab4a/output_files/DE1_SoC.map.smsg
Error: Quartus Prime Analysis & Synthesis was unsuccessful. 2 errors, 2 warnings
    Error: Peak virtual memory: 4775 megabytes
    Error: Processing ended: Fri Aug 02 12:05:16 2024
    Error: Elapsed time: 00:00:29
    Error: Total CPU time (on all processors): 00:00:11


+------------------------------------------+
; Analysis & Synthesis Suppressed Messages ;
+------------------------------------------+
The suppressed messages can be found in C:/Users/aidan/OneDrive/Documents/UW-aidan-studio2/Notes/2023-2024/Summer/EE469/Lab4a/output_files/DE1_SoC.map.smsg.


